#
# There is insufficient memory for the Java Runtime Environment to continue.
# Native memory allocation (mmap) failed to map 134217728 bytes for G1 virtual space
# Possible reasons:
#   The system is out of physical RAM or swap space
#   The process is running with CompressedOops enabled, and the Java Heap may be blocking the growth of the native heap
# Possible solutions:
#   Reduce memory load on the system
#   Increase physical memory or swap space
#   Check if swap backing store is full
#   Decrease Java heap size (-Xmx/-Xms)
#   Decrease number of Java threads
#   Decrease Java thread stack sizes (-Xss)
#   Set larger code cache with -XX:ReservedCodeCacheSize=
#   JVM is running with Unscaled Compressed Oops mode in which the Java heap is
#     placed in the first 4GB address space. The Java Heap base address is the
#     maximum limit for the native heap growth. Please use -XX:HeapBaseMinAddress
#     to set the Java Heap base and to place the Java Heap above 4GB virtual address.
# This output file may be truncated or incomplete.
#
#  Out of Memory Error (os_windows.cpp:3469), pid=8656, tid=8428
#
# JRE version:  (17.0.1+12) (build )
# Java VM: Java HotSpot(TM) 64-Bit Server VM (17.0.1+12-LTS-39, mixed mode, sharing, tiered, compressed oops, compressed class ptrs, g1 gc, windows-amd64)
# No core dump will be written. Minidumps are not enabled by default on client versions of Windows
#

---------------  S U M M A R Y ------------

Command Line: -Dfile.encoding=UTF-8 --module-path=C:\MY DATA FOLDER\Projects\Java-Book-Shop-Manage-with-File-Handling-main\build\classes Dtcls

Host: Intel(R) Core(TM) i5-8265U CPU @ 1.60GHz, 8 cores, 7G,  Windows 10 , 64 bit Build 19041 (10.0.19041.1466)
Time: Tue Feb  8 20:34:54 2022 Sri Lanka Standard Time elapsed time: 0.021788 seconds (0d 0h 0m 0s)

---------------  T H R E A D  ---------------

Current thread (0x0000019021c7ea20):  JavaThread "Unknown thread" [_thread_in_vm, id=8428, stack(0x00000085b3600000,0x00000085b3700000)]

Stack: [0x00000085b3600000,0x00000085b3700000]
Native frames: (J=compiled Java code, j=interpreted, Vv=VM code, C=native code)
V  [jvm.dll+0x66fa1a]
V  [jvm.dll+0x7ce5a4]
V  [jvm.dll+0x7cfd4e]
V  [jvm.dll+0x7d03b3]
V  [jvm.dll+0x242b05]
V  [jvm.dll+0x66ca39]
V  [jvm.dll+0x661502]
V  [jvm.dll+0x30081b]
V  [jvm.dll+0x307da6]
V  [jvm.dll+0x357a1e]
V  [jvm.dll+0x357c4f]
V  [jvm.dll+0x2d7ad8]
V  [jvm.dll+0x2d8a44]
V  [jvm.dll+0x7a01e1]
V  [jvm.dll+0x365791]
V  [jvm.dll+0x77f6cc]
V  [jvm.dll+0x3e812f]
V  [jvm.dll+0x3e9bd1]
C  [jli.dll+0x527b]
C  [ucrtbase.dll+0x21bb2]
C  [KERNEL32.DLL+0x17034]
C  [ntdll.dll+0x52651]


---------------  P R O C E S S  ---------------

Threads class SMR info:
_java_thread_list=0x00007ffad9427818, length=0, elements={
}

Java Threads: ( => current thread )

Other Threads:
  0x0000019021cb8e00 GCTaskThread "GC Thread#0" [stack: 0x00000085b3700000,0x00000085b3800000] [id=9196]
  0x0000019021cca9d0 ConcurrentGCThread "G1 Main Marker" [stack: 0x00000085b3800000,0x00000085b3900000] [id=13816]
  0x0000019021ccbb80 ConcurrentGCThread "G1 Conc#0" [stack: 0x00000085b3900000,0x00000085b3a00000] [id=11428]

[error occurred during error reporting (printing all threads), id 0xc0000005, EXCEPTION_ACCESS_VIOLATION (0xc0000005) at pc=0x00007ffad8c784b7]

VM state: not at safepoint (not fully initialized)

VM Mutex/Monitor currently owned by a thread:  ([mutex/lock_event])
[0x0000019021c7c8c0] Heap_lock - owner thread: 0x0000019021c7ea20

Heap address: 0x0000000081c00000, size: 2020 MB, Compressed Oops mode: 32-bit

CDS archive(s) mapped at: [0x0000000000000000-0x0000000000000000-0x0000000000000000), size 0, SharedBaseAddress: 0x0000000800000000, ArchiveRelocationMode: 0.
Narrow klass base: 0x0000000000000000, Narrow klass shift: 0, Narrow klass range: 0x0

GC Precious Log:
<Empty>

Heap:
 garbage-first heap   total 0K, used 0K [0x0000000081c00000, 0x0000000100000000)
  region size 1024K, 0 young (0K), 0 survivors (0K)

[error occurred during error reporting (printing heap information), id 0xc0000005, EXCEPTION_ACCESS_VIOLATION (0xc0000005) at pc=0x00007ffad9058d89]

GC Heap History (0 events):
No events

Deoptimization events (0 events):
No events

Classes unloaded (0 events):
No events

Classes redefined (0 events):
No events

Internal exceptions (0 events):
No events

VM Operations (0 events):
No events

Events (1 events):
Event: 0.012 Loaded shared library C:\Program Files\Java\jdk-17.0.1\bin\java.dll


Dynamic libraries:
0x00007ff7638d0000 - 0x00007ff7638e0000 	C:\Program Files\Java\jdk-17.0.1\bin\java.exe
0x00007ffb2ffb0000 - 0x00007ffb301a5000 	C:\Windows\SYSTEM32\ntdll.dll
0x00007ffb2e870000 - 0x00007ffb2e92e000 	C:\Windows\System32\KERNEL32.DLL
0x00007ffb2dd20000 - 0x00007ffb2dfe8000 	C:\Windows\System32\KERNELBASE.dll
0x00007ffb2dbc0000 - 0x00007ffb2dcc0000 	C:\Windows\System32\ucrtbase.dll
0x00007ffb274a0000 - 0x00007ffb274b8000 	C:\Program Files\Java\jdk-17.0.1\bin\jli.dll
0x00007ffb0db50000 - 0x00007ffb0db6a000 	C:\Program Files\Java\jdk-17.0.1\bin\VCRUNTIME140.dll
0x00007ffb2f510000 - 0x00007ffb2f5be000 	C:\Windows\System32\ADVAPI32.dll
0x00007ffb2f2f0000 - 0x00007ffb2f38e000 	C:\Windows\System32\msvcrt.dll
0x00007ffb2ef90000 - 0x00007ffb2f02c000 	C:\Windows\System32\sechost.dll
0x00007ffb2e930000 - 0x00007ffb2ea55000 	C:\Windows\System32\RPCRT4.dll
0x00007ffb2f5c0000 - 0x00007ffb2f761000 	C:\Windows\System32\USER32.dll
0x00007ffb2dcc0000 - 0x00007ffb2dce2000 	C:\Windows\System32\win32u.dll
0x00007ffb0c830000 - 0x00007ffb0caca000 	C:\Windows\WinSxS\amd64_microsoft.windows.common-controls_6595b64144ccf1df_6.0.19041.1110_none_60b5254171f9507e\COMCTL32.dll
0x00007ffb2fab0000 - 0x00007ffb2fadb000 	C:\Windows\System32\GDI32.dll
0x00007ffb2d8d0000 - 0x00007ffb2d9dd000 	C:\Windows\System32\gdi32full.dll
0x00007ffb2db20000 - 0x00007ffb2dbbd000 	C:\Windows\System32\msvcp_win.dll
0x00007ffb269a0000 - 0x00007ffb269aa000 	C:\Windows\SYSTEM32\VERSION.dll
0x00007ffb2f030000 - 0x00007ffb2f060000 	C:\Windows\System32\IMM32.DLL
0x00007ffb26620000 - 0x00007ffb2662c000 	C:\Program Files\Java\jdk-17.0.1\bin\vcruntime140_1.dll
0x00007ffaf7d60000 - 0x00007ffaf7ded000 	C:\Program Files\Java\jdk-17.0.1\bin\msvcp140.dll
0x00007ffad8990000 - 0x00007ffad954e000 	C:\Program Files\Java\jdk-17.0.1\bin\server\jvm.dll
0x00007ffb2f230000 - 0x00007ffb2f238000 	C:\Windows\System32\PSAPI.DLL
0x00007ffb27af0000 - 0x00007ffb27af9000 	C:\Windows\SYSTEM32\WSOCK32.dll
0x00007ffb2f1c0000 - 0x00007ffb2f22b000 	C:\Windows\System32\WS2_32.dll
0x00007ffb124b0000 - 0x00007ffb124d7000 	C:\Windows\SYSTEM32\WINMM.dll
0x00007ffb2bf40000 - 0x00007ffb2bf52000 	C:\Windows\SYSTEM32\kernel.appcore.dll
0x00007ffb171b0000 - 0x00007ffb171ba000 	C:\Program Files\Java\jdk-17.0.1\bin\jimage.dll
0x00007ffb2b4b0000 - 0x00007ffb2b694000 	C:\Windows\SYSTEM32\DBGHELP.DLL
0x00007ffb18400000 - 0x00007ffb1842c000 	C:\Windows\SYSTEM32\dbgcore.DLL
0x00007ffb2da30000 - 0x00007ffb2dab2000 	C:\Windows\System32\bcryptPrimitives.dll
0x00007ffb0b920000 - 0x00007ffb0b945000 	C:\Program Files\Java\jdk-17.0.1\bin\java.dll

dbghelp: loaded successfully - version: 4.0.5 - missing functions: none
symbol engine: initialized successfully - sym options: 0x614 - pdb path: .;C:\Program Files\Java\jdk-17.0.1\bin;C:\Windows\SYSTEM32;C:\Windows\WinSxS\amd64_microsoft.windows.common-controls_6595b64144ccf1df_6.0.19041.1110_none_60b5254171f9507e;C:\Program Files\Java\jdk-17.0.1\bin\server

VM Arguments:
jvm_args: -Dfile.encoding=UTF-8 --module-path=C:\MY DATA FOLDER\Projects\Java-Book-Shop-Manage-with-File-Handling-main\build\classes 
java_command: Dtcls
java_class_path (initial): C:\MY DATA FOLDER\Projects\Java-Book-Shop-Manage-with-File-Handling-main\build\classes
Launcher Type: SUN_STANDARD

[Global flags]
     intx CICompilerCount                          = 4                                         {product} {ergonomic}
     uint ConcGCThreads                            = 2                                         {product} {ergonomic}
     uint G1ConcRefinementThreads                  = 8                                         {product} {ergonomic}
   size_t G1HeapRegionSize                         = 1048576                                   {product} {ergonomic}
    uintx GCDrainStackTargetSize                   = 64                                        {product} {ergonomic}
   size_t InitialHeapSize                          = 134217728                                 {product} {ergonomic}
   size_t MarkStackSize                            = 4194304                                   {product} {ergonomic}
   size_t MaxHeapSize                              = 2118123520                                {product} {ergonomic}
   size_t MinHeapDeltaBytes                        = 1048576                                   {product} {ergonomic}
   size_t MinHeapSize                              = 8388608                                   {product} {ergonomic}
    uintx NonNMethodCodeHeapSize                   = 5839372                                {pd product} {ergonomic}
    uintx NonProfiledCodeHeapSize                  = 122909434                              {pd product} {ergonomic}
    uintx ProfiledCodeHeapSize                     = 122909434                              {pd product} {ergonomic}
    uintx ReservedCodeCacheSize                    = 251658240                              {pd product} {ergonomic}
     bool SegmentedCodeCache                       = true                                      {product} {ergonomic}
   size_t SoftMaxHeapSize                          = 2118123520                             {manageable} {ergonomic}
     bool UseCompressedClassPointers               = true                           {product lp64_product} {ergonomic}
     bool UseCompressedOops                        = true                           {product lp64_product} {ergonomic}
     bool UseG1GC                                  = true                                      {product} {ergonomic}
     bool UseLargePagesIndividualAllocation        = false                                  {pd product} {ergonomic}

Logging:
Log output configuration:
 #0: stdout all=warning uptime,level,tags
 #1: stderr all=off uptime,level,tags

Environment Variables:
PATH=C:\Python310\Scripts\;C:\Python310\;C:\Program Files\Common Files\Oracle\Java\javapath;C:\Windows\system32;C:\Windows;C:\Windows\System32\Wbem;C:\Windows\System32\WindowsPowerShell\v1.0\;C:\Windows\System32\OpenSSH\;C:\Program Files\nodejs\;C:\ProgramData\chocolatey\bin;C:\Program Files\Git\cmd;C:\Program Files\Microsoft SQL Server\150\Tools\Binn\;C:\Program Files\Microsoft SQL Server\Client SDK\ODBC\170\Tools\Binn\;C:\Program Files\dotnet\;C:\Users\savindu pasintha\AppData\Local\Microsoft\WindowsApps;C:\Users\savindu pasintha\AppData\Roaming\npm;C:\Users\savindu pasintha\AppData\Local\Programs\Microsoft VS Code\bin;C:\Program Files (x86)\Inno Setup 6;C:\Users\savindu pasintha\.dotnet\tools
USERNAME=savindu pasintha
OS=Windows_NT
PROCESSOR_IDENTIFIER=Intel64 Family 6 Model 142 Stepping 11, GenuineIntel



---------------  S Y S T E M  ---------------

OS:
 Windows 10 , 64 bit Build 19041 (10.0.19041.1466)
OS uptime: 1 days 22:04 hours

CPU: total 8 (initial active 8) (4 cores per cpu, 2 threads per core) family 6 model 142 stepping 11 microcode 0xae, cx8, cmov, fxsr, ht, mmx, 3dnowpref, sse, sse2, sse3, ssse3, sse4.1, sse4.2, popcnt, lzcnt, tsc, tscinvbit, avx, avx2, aes, erms, clmul, bmi1, bmi2, adx, fma, vzeroupper, clflush, clflushopt

Memory: 4k page, system-wide physical 8078M (395M free)
TotalPageFile size 23270M (AvailPageFile size 63M)
current process WorkingSet (physical memory assigned to process): 10M, peak: 10M
current process commit charge ("private bytes"): 60M, peak: 188M

vm_info: Java HotSpot(TM) 64-Bit Server VM (17.0.1+12-LTS-39) for windows-amd64 JRE (17.0.1+12-LTS-39), built on Sep 27 2021 18:41:35 by "mach5one" with MS VC++ 16.8 (VS2019)

END.
